[Info  - 09:01:51.216] Reading sessions from keychain...
[Info  - 09:01:51.244] Getting sessions for all scopes...
[Info  - 09:01:51.244] Getting sessions for all scopes...
[Info  - 09:01:51.245] Got 0 sessions for all scopes...
[Info  - 09:01:51.245] Got 0 sessions for all scopes...
[Info  - 09:01:51.249] Getting sessions for read:user,user:email,repo...
[Info  - 09:01:51.250] Got 0 sessions for read:user,user:email,repo...
[Info  - 09:01:52.578] Getting sessions for read:user,user:email...
[Info  - 09:01:52.578] Got 0 sessions for read:user,user:email...
[Info  - 09:21:46.107] Getting sessions for repo,workflow...
[Info  - 09:21:46.107] Got 0 sessions for repo,workflow...
[Info  - 09:21:50.360] Logging in for the following scopes: repo workflow
[Trace  - 09:22:12.55] Handling Uri...
[Info  - 09:22:12.56] Exchanging code for token...
[Info  - 09:22:12.949] Token exchange success!
[Info  - 09:22:12.950] Getting user info...
[Info  - 09:22:13.259] Got account info!
[Info  - 09:22:13.259] Storing 1 sessions...
[Info  - 09:22:13.405] Reading sessions from keychain...
[Info  - 09:22:13.405] Stored 1 sessions!
[Info  - 09:22:13.406] Login success!
[Trace  - 09:22:13.445] Token acquired from secret storage.
[Info  - 09:22:13.445] Got stored sessions!
[Trace  - 09:22:13.445] Read the following session from the keychain with the following scopes: repo,workflow
[Info  - 09:22:13.445] Got 1 verified sessions.
[Info  - 09:22:13.450] Getting sessions for all scopes...
[Info  - 09:22:13.451] Got 1 sessions for all scopes...
[Info  - 09:22:13.454] Getting sessions for read:user,user:email,repo...
[Info  - 09:22:13.454] Getting sessions for read:user,user:email...
[Info  - 09:22:13.455] Got 0 sessions for read:user,repo,user:email...
[Info  - 09:22:13.455] Got 0 sessions for read:user,user:email...
[Info  - 10:48:09.309] Getting sessions for all scopes...
[Info  - 10:48:09.309] Got 1 sessions for all scopes...
[Info  - 10:48:16.789] Logging in for the following scopes: read:user user:email
[Trace  - 10:48:32.208] Handling Uri...
[Info  - 10:48:32.208] Exchanging code for token...
[Info  - 10:48:33.19] Token exchange success!
[Info  - 10:48:33.19] Getting user info...
[Info  - 10:48:33.358] Got account info!
[Info  - 10:48:33.358] Storing 2 sessions...
[Info  - 10:48:33.389] Reading sessions from keychain...
[Info  - 10:48:33.389] Stored 2 sessions!
[Info  - 10:48:33.389] Login success!
[Info  - 10:48:33.406] Getting sessions for all scopes...
[Info  - 10:48:33.407] Getting sessions for read:user,user:email,repo...
[Info  - 10:48:33.408] Getting sessions for read:user,user:email...
[Trace  - 10:48:33.409] Token acquired from secret storage.
[Info  - 10:48:33.409] Got stored sessions!
[Trace  - 10:48:33.409] Read the following session from the keychain with the following scopes: repo,workflow
[Trace  - 10:48:33.409] Read the following session from the keychain with the following scopes: read:user,user:email
[Info  - 10:48:33.410] Got 2 verified sessions.
[Info  - 10:48:33.410] Got 2 sessions for all scopes...
[Info  - 10:48:33.410] Got 0 sessions for read:user,repo,user:email...
[Info  - 10:48:33.410] Got 1 sessions for read:user,user:email...
[Info  - 10:48:41.123] Getting sessions for all scopes...
[Info  - 10:48:41.123] Got 2 sessions for all scopes...
[Info  - 10:48:55.686] Getting sessions for all scopes...
[Info  - 10:48:55.686] Got 2 sessions for all scopes...
[Info  - 10:48:57.89] Logging in for the following scopes: read:user user:email repo
[Trace  - 10:49:05.433] Handling Uri...
[Info  - 10:49:05.433] Exchanging code for token...
[Info  - 10:49:06.138] Token exchange success!
[Info  - 10:49:06.138] Getting user info...
[Info  - 10:49:06.504] Got account info!
[Info  - 10:49:06.504] Storing 3 sessions...
[Info  - 10:49:06.552] Reading sessions from keychain...
[Info  - 10:49:06.553] Stored 3 sessions!
[Info  - 10:49:06.553] Login success!
[Info  - 10:49:06.559] Getting sessions for all scopes...
[Info  - 10:49:06.561] Getting sessions for read:user,user:email,repo...
[Info  - 10:49:06.562] Getting sessions for read:user,user:email...
[Trace  - 10:49:06.575] Token acquired from secret storage.
[Info  - 10:49:06.575] Got stored sessions!
[Trace  - 10:49:06.575] Read the following session from the keychain with the following scopes: repo,workflow
[Trace  - 10:49:06.575] Read the following session from the keychain with the following scopes: read:user,user:email
[Trace  - 10:49:06.575] Read the following session from the keychain with the following scopes: read:user,user:email,repo
[Info  - 10:49:06.575] Got 3 verified sessions.
[Info  - 10:49:06.575] Got 3 sessions for all scopes...
[Info  - 10:49:06.575] Got 1 sessions for read:user,repo,user:email...
[Info  - 10:49:06.575] Got 1 sessions for read:user,user:email...
[Info  - 10:49:07.986] Getting sessions for all scopes...
[Info  - 10:49:07.986] Got 3 sessions for all scopes...
[Info  - 10:49:09.884] Getting sessions for all scopes...
[Info  - 10:49:09.884] Got 3 sessions for all scopes...
