[Info] /Users/arvindarya/.ssh/config: ENOENT: no such file or directory, open '/Users/arvindarya/.ssh/config'
[Info] Registering git provider
[Info] Looking for git repository
[Info] Found 0 repositories during activation
[Info] Waiting for git repository
[Info] Repository file:///Users/arvindarya/Desktop/pikachu has been opened
[Info] Repository file:///Users/arvindarya/Desktop/pikachu opened
[Info] Git repository found, initializing review manager and pr tree view.
[Info] Review> Validate state in progress
[Info] Review> Validating state...
[Info] No remote with name 'origin' found.
[Info] No remote with name 'upstream' found.
[Info] Review> Queuing additional validate state
[Info] No GitHub remotes found
[Info] Review> no matching pull request metadata found for current branch master
[Info] Review> no matching pull request metadata found on GitHub for current branch master
[Info] Review> Validating state...
[Info] No remote with name 'origin' found.
[Info] No remote with name 'upstream' found.
[Info] No GitHub remotes found
[Info] Review> no matching pull request metadata found for current branch master
[Info] Review> no matching pull request metadata found on GitHub for current branch master
[Info] Review> Queuing additional validate state
[Info] Review> Validating state...
[Info] No remote with name 'origin' found.
[Info] No remote with name 'upstream' found.
[Info] No GitHub remotes found
[Info] Review> no matching pull request metadata found for current branch master
[Info] Review> no matching pull request metadata found on GitHub for current branch master
[Info] Review> Queuing additional validate state
[Info] Review> Validating state...
[Info] No remote with name 'origin' found.
[Info] No remote with name 'upstream' found.
[Info] No GitHub remotes found
[Info] Review> no matching pull request metadata found for current branch master
[Info] Review> no matching pull request metadata found on GitHub for current branch master
[Info] Review> Queuing additional validate state
[Info] Review> Validating state...
[Info] No remote with name 'origin' found.
[Info] No remote with name 'upstream' found.
[Info] No GitHub remotes found
[Info] Review> no matching pull request metadata found for current branch master
[Info] Review> no matching pull request metadata found on GitHub for current branch master
