[2021-11-22 15:01:32.029] [exthost] [info] Extension host with pid 1258 started
[2021-11-22 15:01:32.175] [exthost] [info] ExtensionService#_doActivateExtension vscode.microsoft-authentication, startup: false, activationEvent: 'onAuthenticationRequest:microsoft'
[2021-11-22 15:01:32.234] [exthost] [info] ExtensionService#_doActivateExtension vscode.debug-auto-launch, startup: true, activationEvent: '*'
[2021-11-22 15:01:32.243] [exthost] [info] ExtensionService#_doActivateExtension vscode.git, startup: true, activationEvent: '*', root cause: vscode.github
[2021-11-22 15:01:32.345] [exthost] [info] ExtensionService#_doActivateExtension GitHub.vscode-pull-request-github, startup: true, activationEvent: '*'
[2021-11-22 15:01:32.470] [exthost] [info] ExtensionService#_doActivateExtension ms-vsliveshare.vsliveshare, startup: true, activationEvent: '*', root cause: ms-vsliveshare.vsliveshare-audio
[2021-11-22 15:01:33.199] [exthost] [info] ExtensionService#_doActivateExtension vscode.github-authentication, startup: false, activationEvent: 'onAuthenticationRequest:github'
[2021-11-22 15:01:37.467] [exthost] [info] ExtensionService#_doActivateExtension vscode.github, startup: true, activationEvent: '*'
[2021-11-22 15:01:37.479] [exthost] [info] ExtensionService#_doActivateExtension ms-vsliveshare.vsliveshare-audio, startup: true, activationEvent: '*'
[2021-11-22 15:01:38.197] [exthost] [info] Eager extensions activated
[2021-11-22 15:01:38.209] [exthost] [info] ExtensionService#_doActivateExtension vscode.merge-conflict, startup: false, activationEvent: 'onStartupFinished'
[2021-11-22 15:01:38.216] [exthost] [info] ExtensionService#_doActivateExtension formulahendry.code-runner, startup: false, activationEvent: 'onStartupFinished'
[2021-11-22 15:01:38.336] [exthost] [info] ExtensionService#_doActivateExtension ms-vscode-remote.remote-containers, startup: false, activationEvent: 'onStartupFinished'
[2021-11-22 15:01:38.487] [exthost] [info] ExtensionService#_doActivateExtension ms-vscode-remote.remote-wsl, startup: false, activationEvent: 'onStartupFinished'
[2021-11-22 15:01:38.534] [exthost] [info] ExtensionService#_doActivateExtension vadimcn.vscode-lldb, startup: false, activationEvent: 'onStartupFinished'
[2021-11-22 15:01:46.073] [exthost] [info] extension host terminating: renderer closed the socket
[2021-11-22 15:01:46.220] [exthost] [error] ProxyResolver#resolveProxy Canceled: Canceled
	at Object.i [as canceled] (/Applications/Visual Studio Code.app/Contents/Resources/app/out/vs/workbench/services/extensions/node/extensionHostProcess.js:5:1157)
	at n._remoteCall (/Applications/Visual Studio Code.app/Contents/Resources/app/out/vs/workbench/services/extensions/node/extensionHostProcess.js:98:13876)
	at Proxy.N.<computed>.F.charCodeAt.N.<computed> (/Applications/Visual Studio Code.app/Contents/Resources/app/out/vs/workbench/services/extensions/node/extensionHostProcess.js:98:10271)
	at u.resolveProxy (/Applications/Visual Studio Code.app/Contents/Resources/app/out/vs/workbench/services/extensions/node/extensionHostProcess.js:98:39347)
	at Object.resolveProxy (/Applications/Visual Studio Code.app/Contents/Resources/app/out/vs/workbench/services/extensions/node/extensionHostProcess.js:103:58426)
	at useProxySettings (/Applications/Visual Studio Code.app/Contents/Resources/app/node_modules.asar/vscode-proxy-agent/out/index.js:159:16)
	at /Applications/Visual Studio Code.app/Contents/Resources/app/node_modules.asar/vscode-proxy-agent/out/index.js:107:13
	at /Applications/Visual Studio Code.app/Contents/Resources/app/node_modules.asar/vscode-proxy-agent/out/index.js:335:13
	at processTicksAndRejections (internal/process/task_queues.js:93:5) 
[2021-11-22 15:01:46.225] [exthost] [error] ProxyResolver#resolveProxy Canceled: Canceled
	at Object.i [as canceled] (/Applications/Visual Studio Code.app/Contents/Resources/app/out/vs/workbench/services/extensions/node/extensionHostProcess.js:5:1157)
	at n._remoteCall (/Applications/Visual Studio Code.app/Contents/Resources/app/out/vs/workbench/services/extensions/node/extensionHostProcess.js:98:13876)
	at Proxy.N.<computed>.F.charCodeAt.N.<computed> (/Applications/Visual Studio Code.app/Contents/Resources/app/out/vs/workbench/services/extensions/node/extensionHostProcess.js:98:10271)
	at u.resolveProxy (/Applications/Visual Studio Code.app/Contents/Resources/app/out/vs/workbench/services/extensions/node/extensionHostProcess.js:98:39347)
	at Object.resolveProxy (/Applications/Visual Studio Code.app/Contents/Resources/app/out/vs/workbench/services/extensions/node/extensionHostProcess.js:103:58426)
	at useProxySettings (/Applications/Visual Studio Code.app/Contents/Resources/app/node_modules.asar/vscode-proxy-agent/out/index.js:159:16)
	at /Applications/Visual Studio Code.app/Contents/Resources/app/node_modules.asar/vscode-proxy-agent/out/index.js:107:13
	at /Applications/Visual Studio Code.app/Contents/Resources/app/node_modules.asar/vscode-proxy-agent/out/index.js:335:13
	at processTicksAndRejections (internal/process/task_queues.js:93:5) 
[2021-11-22 15:01:47.217] [exthost] [error] Error: ENOENT: no such file or directory, unlink '/Users/arvindarya/.vscode/extensions/ms-vsliveshare.vsliveshare-1.0.5090/cascade.json'
[2021-11-22 15:01:50.557] [exthost] [info] Extension host with pid 1319 started
[2021-11-22 15:01:50.557] [exthost] [info] Skipping acquiring lock for /Users/arvindarya/Desktop/pikachu/Object_Files/~/.vscode-root/User/workspaceStorage/7e1126a95f558c24518be05029643df4.
[2021-11-22 15:01:50.688] [exthost] [info] ExtensionService#_doActivateExtension vscode.microsoft-authentication, startup: false, activationEvent: 'onAuthenticationRequest:microsoft'
[2021-11-22 15:01:50.717] [exthost] [info] ExtensionService#_doActivateExtension vscode.debug-auto-launch, startup: true, activationEvent: '*'
[2021-11-22 15:01:50.722] [exthost] [info] ExtensionService#_doActivateExtension vscode.git, startup: true, activationEvent: '*', root cause: vscode.github
[2021-11-22 15:01:50.773] [exthost] [info] ExtensionService#_doActivateExtension GitHub.vscode-pull-request-github, startup: true, activationEvent: '*'
[2021-11-22 15:01:50.806] [exthost] [info] ExtensionService#_doActivateExtension ms-vsliveshare.vsliveshare, startup: true, activationEvent: '*'
[2021-11-22 15:01:51.090] [exthost] [info] Extension host with pid 1258 exiting with code 0
[2021-11-22 15:01:51.149] [exthost] [info] ExtensionService#_doActivateExtension vscode.github-authentication, startup: false, activationEvent: 'onAuthenticationRequest:github'
[2021-11-22 15:01:52.566] [exthost] [info] ExtensionService#_doActivateExtension vscode.github, startup: true, activationEvent: '*'
[2021-11-22 15:01:52.583] [exthost] [info] Eager extensions activated
[2021-11-22 15:01:52.592] [exthost] [info] ExtensionService#_doActivateExtension vscode.merge-conflict, startup: false, activationEvent: 'onStartupFinished'
[2021-11-22 15:01:52.595] [exthost] [info] ExtensionService#_doActivateExtension ms-vscode-remote.remote-containers, startup: false, activationEvent: 'onStartupFinished'
[2021-11-22 15:01:52.751] [exthost] [info] ExtensionService#_doActivateExtension ms-vscode-remote.remote-wsl, startup: false, activationEvent: 'onStartupFinished'
[2021-11-22 15:01:56.088] [exthost] [info] ExtensionService#_doActivateExtension formulahendry.code-runner, startup: false, activationEvent: 'onStartupFinished'
[2021-11-22 15:01:56.134] [exthost] [info] ExtensionService#_doActivateExtension ms-vsliveshare.vsliveshare-audio, startup: false, activationEvent: '*'
[2021-11-22 15:01:56.383] [exthost] [info] ExtensionService#_doActivateExtension vadimcn.vscode-lldb, startup: false, activationEvent: 'onStartupFinished'
[2021-11-22 15:01:56.409] [exthost] [info] ExtensionService#_doActivateExtension ms-vscode.cpptools, startup: false, activationEvent: 'workspaceContains:/.vscode/c_cpp_properties.json'
[2021-11-22 15:01:57.344] [exthost] [info] ExtensionService#_doActivateExtension vscode.configuration-editing, startup: false, activationEvent: 'onLanguage:json'
[2021-11-22 15:01:57.354] [exthost] [info] ExtensionService#_doActivateExtension vscode.extension-editing, startup: false, activationEvent: 'onLanguage:json'
[2021-11-22 15:01:57.421] [exthost] [info] ExtensionService#_doActivateExtension vscode.json-language-features, startup: false, activationEvent: 'onLanguage:json'
[2021-11-22 15:01:57.552] [exthost] [info] ExtensionService#_doActivateExtension vscode.npm, startup: false, activationEvent: 'onLanguage:json'
[2021-11-22 15:01:57.611] [exthost] [info] ExtensionService#_doActivateExtension franneck94.c-cpp-runner, startup: false, activationEvent: 'workspaceContains:*.c,*.cc,*.cxx,*.cpp'
[2021-11-22 15:01:57.708] [exthost] [info] ExtensionService#_doActivateExtension vscode.typescript-language-features, startup: false, activationEvent: 'onLanguage:jsonc'
[2021-11-22 15:02:09.018] [exthost] [info] ExtensionService#_doActivateExtension austin.code-gnu-global, startup: false, activationEvent: 'onLanguage:cpp'
[2021-11-22 15:02:09.047] [exthost] [info] ExtensionService#_doActivateExtension cschlosser.doxdocgen, startup: false, activationEvent: 'onLanguage:cpp'
[2021-11-22 15:02:09.339] [exthost] [info] ExtensionService#_doActivateExtension mitaki28.vscode-clang, startup: false, activationEvent: 'onLanguage:cpp'
[2021-11-22 15:23:20.511] [exthost] [warning] [Decorations] CAPPING events from decorations provider vscode.git 1766
[2021-11-22 15:23:23.990] [exthost] [warning] [Decorations] CAPPING events from decorations provider vscode.git 1766
[2021-11-22 15:23:29.159] [exthost] [warning] [Decorations] CAPPING events from decorations provider vscode.git 1766
[2021-11-22 15:23:37.491] [exthost] [warning] [Decorations] CAPPING events from decorations provider vscode.git 1766
[2021-11-22 15:24:02.248] [exthost] [warning] [Decorations] CAPPING events from decorations provider vscode.git 1766
[2021-11-22 15:24:07.383] [exthost] [warning] [Decorations] CAPPING events from decorations provider vscode.git 1766
[2021-11-22 15:24:13.575] [exthost] [warning] [Decorations] CAPPING events from decorations provider vscode.git 1766
[2021-11-22 15:27:17.558] [exthost] [warning] [Decorations] CAPPING events from decorations provider vscode.git 1766
[2021-11-22 15:27:22.720] [exthost] [warning] [Decorations] CAPPING events from decorations provider vscode.git 1766
[2021-11-22 15:27:28.508] [exthost] [warning] [Decorations] CAPPING events from decorations provider vscode.git 1766
[2021-11-22 15:27:33.640] [exthost] [warning] [Decorations] CAPPING events from decorations provider vscode.git 1766
[2021-11-22 15:31:26.512] [exthost] [warning] [Decorations] CAPPING events from decorations provider vscode.git 1766
[2021-11-22 15:31:37.986] [exthost] [warning] [Decorations] CAPPING events from decorations provider vscode.git 1766
[2021-11-22 15:32:28.070] [exthost] [warning] [Decorations] CAPPING events from decorations provider vscode.git 1766
[2021-11-22 15:33:22.045] [exthost] [warning] [Decorations] CAPPING events from decorations provider vscode.git 1766
[2021-11-22 15:33:27.316] [exthost] [warning] [Decorations] CAPPING events from decorations provider vscode.git 1766
[2021-11-22 15:37:52.048] [exthost] [warning] [Decorations] CAPPING events from decorations provider vscode.git 1766
[2021-11-22 15:38:28.279] [exthost] [warning] [Decorations] CAPPING events from decorations provider vscode.git 1766
[2021-11-22 15:39:18.977] [exthost] [warning] [Decorations] CAPPING events from decorations provider vscode.git 1766
[2021-11-22 15:39:26.221] [exthost] [warning] [Decorations] CAPPING events from decorations provider vscode.git 1766
[2021-11-22 15:39:31.358] [exthost] [warning] [Decorations] CAPPING events from decorations provider vscode.git 1766
[2021-11-22 15:41:57.352] [exthost] [warning] [Decorations] CAPPING events from decorations provider vscode.git 1766
[2021-11-22 15:42:18.016] [exthost] [warning] [Decorations] CAPPING events from decorations provider vscode.git 1766
[2021-11-22 15:42:30.241] [exthost] [warning] [Decorations] CAPPING events from decorations provider vscode.git 1766
[2021-11-22 15:42:47.382] [exthost] [warning] [Decorations] CAPPING events from decorations provider vscode.git 1766
[2021-11-22 15:44:00.646] [exthost] [warning] [Decorations] CAPPING events from decorations provider vscode.git 1766
[2021-11-22 15:44:01.681] [exthost] [warning] [Decorations] CAPPING events from decorations provider vscode.git 1766
[2021-11-22 15:44:13.952] [exthost] [warning] [Decorations] CAPPING events from decorations provider vscode.git 1766
[2021-11-22 15:45:23.703] [exthost] [warning] [Decorations] CAPPING events from decorations provider vscode.git 1766
[2021-11-22 15:47:17.680] [exthost] [warning] [Decorations] CAPPING events from decorations provider vscode.git 1766
[2021-11-22 15:49:55.800] [exthost] [warning] [Decorations] CAPPING events from decorations provider vscode.git 1778
[2021-11-22 15:50:00.955] [exthost] [warning] [Decorations] CAPPING events from decorations provider vscode.git 1778
[2021-11-22 15:50:08.992] [exthost] [warning] [Decorations] CAPPING events from decorations provider vscode.git 1778
[2021-11-22 15:50:18.892] [exthost] [warning] [Decorations] CAPPING events from decorations provider vscode.git 1778
[2021-11-22 15:50:32.289] [exthost] [warning] [Decorations] CAPPING events from decorations provider vscode.git 1778
[2021-11-22 15:50:38.767] [exthost] [warning] [Decorations] CAPPING events from decorations provider vscode.git 1778
[2021-11-22 15:50:43.939] [exthost] [warning] [Decorations] CAPPING events from decorations provider vscode.git 1778
[2021-11-22 15:51:10.374] [exthost] [warning] [Decorations] CAPPING events from decorations provider vscode.git 1778
[2021-11-22 15:51:57.513] [exthost] [warning] [Decorations] CAPPING events from decorations provider vscode.git 1779
[2021-11-22 15:52:02.667] [exthost] [warning] [Decorations] CAPPING events from decorations provider vscode.git 1779
[2021-11-22 15:52:25.022] [exthost] [warning] [Decorations] CAPPING events from decorations provider vscode.git 1778
[2021-11-22 15:52:30.161] [exthost] [warning] [Decorations] CAPPING events from decorations provider vscode.git 1778
[2021-11-22 15:52:38.055] [exthost] [warning] [Decorations] CAPPING events from decorations provider vscode.git 1778
[2021-11-22 15:52:48.145] [exthost] [warning] [Decorations] CAPPING events from decorations provider vscode.git 1778
[2021-11-22 15:52:56.845] [exthost] [warning] [Decorations] CAPPING events from decorations provider vscode.git 1779
[2021-11-22 15:53:02.042] [exthost] [warning] [Decorations] CAPPING events from decorations provider vscode.git 1779
[2021-11-22 15:53:51.933] [exthost] [warning] [Decorations] CAPPING events from decorations provider vscode.git 1778
[2021-11-22 15:53:57.068] [exthost] [warning] [Decorations] CAPPING events from decorations provider vscode.git 1778
[2021-11-22 15:54:04.972] [exthost] [warning] [Decorations] CAPPING events from decorations provider vscode.git 1778
[2021-11-22 15:54:40.281] [exthost] [warning] [Decorations] CAPPING events from decorations provider vscode.git 1778
[2021-11-22 15:54:50.921] [exthost] [warning] [Decorations] CAPPING events from decorations provider vscode.git 1778
[2021-11-22 15:55:22.034] [exthost] [warning] [Decorations] CAPPING events from decorations provider vscode.git 1778
[2021-11-22 15:55:43.039] [exthost] [warning] [Decorations] CAPPING events from decorations provider vscode.git 1778
[2021-11-22 15:55:48.160] [exthost] [warning] [Decorations] CAPPING events from decorations provider vscode.git 1778
[2021-11-22 15:55:56.108] [exthost] [warning] [Decorations] CAPPING events from decorations provider vscode.git 1778
[2021-11-22 15:56:23.926] [exthost] [warning] [Decorations] CAPPING events from decorations provider vscode.git 1778
[2021-11-22 15:56:33.308] [exthost] [warning] [Decorations] CAPPING events from decorations provider vscode.git 1778
[2021-11-22 16:00:22.604] [exthost] [warning] [Decorations] CAPPING events from decorations provider vscode.git 1778
[2021-11-22 16:00:28.966] [exthost] [warning] [Decorations] CAPPING events from decorations provider vscode.git 1778
[2021-11-22 16:00:35.339] [exthost] [warning] [Decorations] CAPPING events from decorations provider vscode.git 1778
[2021-11-22 16:00:38.414] [exthost] [info] extension host terminating: renderer closed the socket
[2021-11-22 16:00:39.786] [exthost] [error] Error: ENOENT: no such file or directory, unlink '/Users/arvindarya/.vscode/extensions/ms-vsliveshare.vsliveshare-1.0.5090/cascade.json'
[2021-11-22 16:00:43.551] [exthost] [info] Extension host with pid 1319 exiting with code 0
